2026-01-28 20:58:39.705 [main] INFO  org.hibernate.orm.core - HHH000001: Hibernate ORM core version 7.2.0.Final
2026-01-28 20:58:40.353 [main] WARN  org.hibernate.orm.deprecation - HHH90000025: PostgreSQLDialect does not need to be specified explicitly using 'hibernate.dialect' (remove the property setting and it will be selected by default)
2026-01-28 20:58:40.372 [main] INFO  o.hibernate.orm.connections.pooling - HHH10001005: Database info:
	Database JDBC URL [jdbc:postgresql://localhost:5432/book_store]
	Database driver: PostgreSQL JDBC Driver
	Database dialect: PostgreSQLDialect
	Database version: 18.0
	Default catalog/schema: book_store/public
	Autocommit mode: undefined/unknown
	Isolation level: READ_COMMITTED [default READ_COMMITTED]
	JDBC fetch size: none
	Pool: DataSourceConnectionProvider
	Minimum pool size: undefined/unknown
	Maximum pool size: undefined/unknown
2026-01-28 20:58:41.579 [main] INFO  org.hibernate.orm.core - HHH000489: No JTA platform available (set 'hibernate.transaction.jta.platform' to enable JTA platform integration)
2026-01-28 20:58:41.614 [main] INFO  com.task_13.HibernateConnector - HibernateConnector инициализирован с SessionFactory
2026-01-28 20:58:52.036 [main] INFO  com.task_3_4.BookStore - Получение всех книг.
2026-01-28 20:58:52.300 [main] INFO  com.task_3_4.BookStore - Книги успешно получены.
2026-01-28 20:59:03.563 [main] INFO  com.task_3_4.BookStore - Получение всех клиентов.
2026-01-28 20:59:03.568 [main] INFO  com.task_3_4.BookStore - Клиенты успешно получены.
